ScopeSigMgr:loadpffile /home/sjz474/Inverter/CMOS/CMOS_layout.tr0 1 openonly
# PF:1
pf:read PF:1 v(in)
# WF:1:1
Graph addsignal WF:1:1 -region new -yview real(y) -xview real(x) -tracehi 2
# Signal0
pf:read PF:1 v(out)
# WF:1:2
Graph addsignal WF:1:2 -region new -yview real(y) -xview real(x) -tracehi 2
# Signal1
pf:read PF:1 v(0)
# WF:1:3
Graph addsignal WF:1:3 -region new -yview real(y) -xview real(x) -tracehi 2
# Signal2
pf:read PF:1 i(vin)
# WF:1:4
Graph addsignal WF:1:4 -region new -yview real(y) -xview real(x) -tracehi 2
# Signal3
pf:read PF:1 i(vvdd!)
# WF:1:5
Graph addsignal WF:1:5 -region new -yview real(y) -xview real(x) -tracehi 2
# Signal4
Mdi:Resize 490 372
Mdi:Move 5 5
Mdi:Resize 835 638
Mdi:Move 5 5
pf:read PF:1 v(vdd!)
# WF:1:6
Graph addsignal WF:1:6 -region new -yview real(y) -xview real(x) -tracehi 2
# Signal5
wm geometry .sigmgr._PF:1 278x349+858+521
wm geometry .sigmgr._PF:1 278x349+881+517
wm geometry .sigmgr._PF:1 278x349+904+512
wm geometry .sigmgr._PF:1 278x349+929+507
wm geometry .sigmgr._PF:1 278x349+958+502
wm geometry .sigmgr._PF:1 278x349+989+498
wm geometry .sigmgr._PF:1 278x349+1019+494
wm geometry .sigmgr._PF:1 278x349+1048+490
wm geometry .sigmgr._PF:1 278x349+1075+485
wm geometry .sigmgr._PF:1 278x349+1100+481
wm geometry .sigmgr._PF:1 278x349+1119+477
wm geometry .sigmgr._PF:1 278x349+1134+475
wm geometry .sigmgr._PF:1 278x349+1143+472
wm geometry .sigmgr._PF:1 278x349+1147+470
wm geometry .sigmgr._PF:1 278x349+1148+470
wm geometry .sigmgr._PF:1 278x349+1149+469
wm geometry .sigmgr._PF:1 278x349+1150+469
wm geometry .sigmgr._PF:1 278x349+1151+468
wm geometry .sigmgr._PF:1 278x349+1150+468
