\o Program:		@(#)$CDS: libManager version 32.10 11/11/2011 13:43 (cat91amd) $
\o Sub version:		sub-version  s008 
\o Arguments:		-mpssession virtuoso20166 -mpshost batgirl.ece.northwestern.edu 
\o Working Directory:	batgirl.ece.northwestern.edu:/home/sjz474/EECS392/RIPPLE
\o Qt version: 		4.5.3
\o Log file is "/home/sjz474/EECS392/RIPPLE/libManager.log".
\o Opening libManager window.
\a nrSetCurrentWindow(cdsLibManager)
\a nrResizeWindow(cdsLibManager list(0 25 1676 972))
\o changeWorkingDir("/home/sjz474/EECS392/RIPPLE") unnecessary.
\o ddSetForcedLib("") unnecessary.
\o MPS service: map window
\w Warning: The directory: '/home/sjz474/cadence/391_tutorial' does not exist
\w 	but was defined in libFile '/home/sjz474/cds.lib' for Lib '391_tutorial'.
\o Library Manager customization server connected.
\a nrSetCurrentWindow(cdsLibManager)
\a cdsLibManager->libListBox->value = "EECS392"
\a cdsLibManager->libLineEdit->value = "EECS392"
\a cdsLibManager->cellListBox->value = "RIPPLE"
\a nrListItemAction(cdsLibManager->cellListBox 18 0)
\o MPS request: edit design
\a cdsLibManager->libListBox->value = nil
\a cdsLibManager->cellListBox->value = nil
\a cdsLibManager->libLineEdit->value = ""
\w Warning: The directory: '/home/sjz474/cadence/391_tutorial' does not exist
\w 	but was defined in libFile '/home/sjz474/cds.lib' for Lib '391_tutorial'.
\a cdsLibManager->libListBox->value = "EECS392"
\a cdsLibManager->libLineEdit->value = "EECS392"
\a cdsLibManager->cellListBox->value = "RIPPLE"
\a cdsLibManager->cellLineEdit->value = "RIPPLE"
\a nrSetCurrentWindow(cdsLibManager)
\a cdsLibManager->viewListBox->value = "layout"
\a cdsLibManager->viewLineEdit->value = "layout"
\o MPS request: edit design
\a nrListItemAction(cdsLibManager->gdmXTView 2 0)
\a cdsLibManager->libListBox->value = nil
\a cdsLibManager->cellListBox->value = nil
\a cdsLibManager->viewLineEdit->value = ""
\a cdsLibManager->viewListBox->value = nil
\a cdsLibManager->cellLineEdit->value = ""
\a cdsLibManager->libLineEdit->value = ""
\w Warning: The directory: '/home/sjz474/cadence/391_tutorial' does not exist
\w 	but was defined in libFile '/home/sjz474/cds.lib' for Lib '391_tutorial'.
\a cdsLibManager->libListBox->value = "EECS392"
\a cdsLibManager->libLineEdit->value = "EECS392"
\a cdsLibManager->cellListBox->value = "RIPPLE"
\a cdsLibManager->cellLineEdit->value = "RIPPLE"
\a cdsLibManager->viewListBox->value = "layout"
\a cdsLibManager->viewLineEdit->value = "layout"
\a cdsLibManager->viewLineEdit->value = ""
\a cdsLibManager->viewListBox->value = nil
\a cdsLibManager->viewListBox->value = "layout"
\a cdsLibManager->viewLineEdit->value = "layout"
\a nrSetCurrentWindow(cdsLibManager)
\a nrSetWindowVisibility(cdsLibManager "hide")
\o libManager is exiting.
\a exit(0)
